read environment-specific values from RefreshDB_PostAction_setup.QS
.
Running generic changes for all environments
T_CFG_DAT: 8 records updated.
Delete Login history by truncating T_SFS_FS_LOG and T_LOGIN_HIS

.
Set IP-addresses of storage-nodes site-specific
Updating T_STORE_AREA "pmt" to node "10.1.33.190".
T_STORE_AREA: 1071 records updated.
Updating T_STORE_AREA "gam" to node "10.32.112.136".
T_STORE_AREA: 1059 records updated.
Updating T_STORE_AREA "grb" to node "10.8.2.134".
T_STORE_AREA: 1004 records updated.
Updating T_STORE_AREA "dsm" to node "10.32.121.210".
T_STORE_AREA: 1062 records updated.
Updating T_STORE_AREA "dc1" to node "10.99.25.74".
T_STORE_AREA: 1072 records updated.

.
Vault actions for shared fileservers for '' ('','' ; '','')
Skipped for environment "QS".

.
Deleting PLM-configuration parameters %PVM% not belonging to these sites: 'dsm', 'gam', 'grb', 'pmt', 'dc1'
T_CFG_DAT: 57 records deleted.

.
Updating PLM-configuration parameters by replacing values
Updating T_CFG_DAT "dc1" and "@EDB-PVM-AV-DMS@EDB-PVM-AV-PROXY@" by replacing "dc1sr0151" by "dc1sr0187".
T_CFG_DAT: 2 records updated.
Updating T_CFG_DAT "pmt" and "@EDB-PVM-AV-DMS@EDB-PVM-AV-PROXY@" by replacing "boxsr0466" by "boxsr0188".
T_CFG_DAT: 2 records updated.
Updating T_CFG_DAT "dsm" and "@EDB-PVM-AV-DMS@EDB-PVM-AV-PROXY@" by replacing "dsmsr0202" by "dsmsr0201".
T_CFG_DAT: 2 records updated.
Updating T_CFG_DAT "gam" and "@EDB-PVM-AV-DMS@EDB-PVM-AV-PROXY@" by replacing "gaisr0154" by "gaisr0189".
T_CFG_DAT: 2 records updated.
Updating T_CFG_DAT "grb" and "@EDB-PVM-AV-DMS@EDB-PVM-AV-PROXY@" by replacing "grbsr0153" by "grbsr0132".
T_CFG_DAT: 2 records updated.

.
Allowed FMS Paths
Updating T_CFG_DAT "SFS-ERP-PRC" to "\\azbrssr0003\PLM$\TEST\QS".
T_CFG_DAT: 1 records updated.
Updating T_CFG_DAT "SFS-ERP-NRA" to "\\NRASR0004\PLMVIEW\ERPTEST".
T_CFG_DAT: 1 records updated.
Updating T_CFG_DAT "SFS-ERP-DAX" to "\\DC1SR1125\PLM_TEST\QS".
T_CFG_DAT: 1 records updated.
Updating T_CFG_DAT "SFS-HPPLOT-CHKOUT-PATH" to "\\DC1SR0079\plmdata\plm_qs_6210\HP_PLOT".
T_CFG_DAT: 1 records updated.

.
Disabling site-replication for all sites except: 'DC1', 'PMT', 'GAM', 'DSM', 'GRB'
T_DDM_SIT: 7 records updated.

.
Update PPO configuration to "\\DC1SR3070\Input_PLM\PPO"
T_PPO_ASV_SPA: 1 records updated.
T_CFG_DAT: 1 records updated.

.
Update export-processes
Updating SFS_PRC_CITY.OUTPUT_DIR to prefix "QS\".
SFS_PRC_CITY: 902 records updated.
Updating SFS_PRC_CITY.DSF_SERVER_REMOTE to value "\\dc1sr2063\PLMview\..." for PDFPRINT.
SFS_PRC_CITY: 7 records updated.
Correcting SFS_PRC_CITY.PLOT_SITE to value "dc1" for "PDFPRINTPICKUP" .
SFS_PRC_CITY: 15 records updated.
Updating SFS_PRC_CITY.PLOT_SITE to value "dc1" for CONVERT*, IGES* and EXPORT_NATIVE(ACAD).
SFS_PRC_CITY: 239 records updated.
Correcting SFS_PRC_CITY.PLOT_SITE to value "grb".
SFS_PRC_CITY: 11 records updated.
Updating SFS_PRC_CITY.DSF_SERVER_REMOTE to value "\\dc1sr2063\PLMview\..." for ABC_EXPORT and MWO-EXPORT.
SFS_PRC_CITY: 24 records updated.
Updating SFS_PRC_CITY.PLOT_SITE "GRB" to value "grb".
SFS_PRC_CITY: 27 records updated.
Updating SFS_PRC_CITY.PLOT_SITE "COL" to value "dc1".
SFS_PRC_CITY: 27 records updated.
Updating SFS_PRC_CITY.PLOT_SITE "AAR" to value "dc1".
SFS_PRC_CITY: 27 records updated.
Updating SFS_PRC_CITY.PLOT_SITE "STO" to value "dc1".
SFS_PRC_CITY: 27 records updated.
Updating SFS_PRC_CITY.PLOT_SITE "EIN" to value "dc1".
SFS_PRC_CITY: 27 records updated.
Updating SFS_PRC_CITY.PLOT_SITE "PRC" to value "dc1".
SFS_PRC_CITY: 6 records updated.

.
Update Creo norm models' location
T_DOC_DAT: 9609 records updated.
T_DOC_DAT: 3705 records updated.
T_DOC_DAT: 1 records updated.

.
Changes of e-mail-sender information
T_PRS_DAT: 3407 records updated to itsupport.plm@marel.com.
T_CFG_DAT: 10 records updated to itsupport.plm@marel.com.
T_CFG_DAT: 1 records updated to itsupport.plm.qs@marel.com.

.
Changes of user accounts
Skipped for environment "QS".

.
Enabling of user groups
T_USER: 2 disabled group users enabled.

.
Enabling of PLM test users beginning with TST_
T_USER: 19 disabled PLM test users beginning with TST_ enabled.

.
Changes of TRACK URL parameter
T_CFG_DAT: 1 records updated to new TRACK URL 

.
Changes of VAULT URL parameter
T_CFG_DAT: 1 records updated to new VAULT URL 

.
Execute the procedure delSiteFromEnvironment for each affected site
Executing delSiteFromEnvironment for "aar".
T_DFM_TAR_ARE: aar!
T_DDM_SITE: aar disable replication!
T_FIL_STORE: 8564237 records deleted for site aar!
T_STORE_AREA: 976 records deleted for site aar!
Executing delSiteFromEnvironment for "bra".
T_DFM_TAR_ARE: bra!
T_DDM_SITE: bra disable replication!
T_FIL_STORE: 4389379 records deleted for site bra!
T_STORE_AREA: 743 records deleted for site bra!
Executing delSiteFromEnvironment for "col".
T_DFM_TAR_ARE: col!
T_DDM_SITE: col disable replication!
T_FIL_STORE: 8569038 records deleted for site col!
T_STORE_AREA: 1071 records deleted for site col!
Executing delSiteFromEnvironment for "gup".
T_DFM_TAR_ARE: gup!
T_DDM_SITE: gup disable replication!
T_FIL_STORE: 4385827 records deleted for site gup!
T_STORE_AREA: 743 records deleted for site gup!
Executing delSiteFromEnvironment for "sto".
T_DFM_TAR_ARE: sto!
T_DDM_SITE: sto disable replication!
T_FIL_STORE: 8548059 records deleted for site sto!
T_STORE_AREA: 959 records deleted for site sto!
Executing delSiteFromEnvironment for "az1".
T_DFM_TAR_ARE: az1!
T_DDM_SITE: az1 disable replication!
T_FIL_STORE: 8567332 records deleted for site az1!
T_STORE_AREA: 1071 records deleted for site az1!

